
Initial statistics: 1 variables; iteration 0; function evaluation 0; phase 1
Function value -1.3644744e+01; maximum gradient component mag -2.7065e+03

 - final statistics:
1 variables; iteration 8; function evaluation 10
Function value -2.8801e+01; maximum gradient component mag -2.1805e+00
Exit code = 1;  converg criter 1.0000e+01

Initial statistics: 1 variables; iteration 0; function evaluation 0; phase 2
Function value 4.0395915e+03; maximum gradient component mag 2.3448e+04

 - final statistics:
1 variables; iteration 5; function evaluation 26
Function value 3.4173e+03; maximum gradient component mag 2.0763e+00
Exit code = 1;  converg criter 1.0000e+01

Initial statistics: 40 variables; iteration 0; function evaluation 0; phase 3
Function value 3.3763598e+03; maximum gradient component mag 8.6059e+03

Intermediate statistics: 40 variables; iteration 20; function evaluation 30; phase 3
Function value 3.0306411e+03; maximum gradient component mag 3.0398e+03
40 variables; iteration 40; function evaluation 59; phase 3
Function value 3.0241940e+03; maximum gradient component mag 1.1676e+03

 - final statistics:
40 variables; iteration 50; function evaluation 72
Function value 3.0237e+03; maximum gradient component mag -7.2924e-01
Exit code = 1;  converg criter 1.0000e+00

Initial statistics: 44 variables; iteration 0; function evaluation 0; phase 4
Function value 3.0237237e+03; maximum gradient component mag -1.9178e+02

Intermediate statistics: 44 variables; iteration 20; function evaluation 27; phase 4
Function value 3.0205805e+03; maximum gradient component mag 3.7327e+02
44 variables; iteration 40; function evaluation 54; phase 4
Function value 3.0184586e+03; maximum gradient component mag -1.7769e+02

 - final statistics:
44 variables; iteration 52; function evaluation 72
Function value 3.0183e+03; maximum gradient component mag 1.4342e-01
Exit code = 1;  converg criter 1.0000e+00

Initial statistics: 55 variables; iteration 0; function evaluation 0; phase 5
Function value 3.0183290e+03; maximum gradient component mag 1.8059e+02

Intermediate statistics: 55 variables; iteration 20; function evaluation 28; phase 5
Function value 3.0160445e+03; maximum gradient component mag 2.0934e+02
55 variables; iteration 40; function evaluation 51; phase 5
Function value 3.0096178e+03; maximum gradient component mag -1.4200e+03
55 variables; iteration 60; function evaluation 85; phase 5
Function value 3.0077910e+03; maximum gradient component mag -8.9888e+01

 - final statistics:
55 variables; iteration 62; function evaluation 87
Function value 3.0078e+03; maximum gradient component mag -7.1563e-01
Exit code = 1;  converg criter 1.0000e+00

Initial statistics: 86 variables; iteration 0; function evaluation 0; phase 6
Function value 3.0077889e+03; maximum gradient component mag -8.7606e+00

Intermediate statistics: 86 variables; iteration 20; function evaluation 26; phase 6
Function value 3.0077556e+03; maximum gradient component mag 9.3281e+01
86 variables; iteration 40; function evaluation 50; phase 6
Function value 3.0077283e+03; maximum gradient component mag 9.8614e+00
86 variables; iteration 60; function evaluation 79; phase 6
Function value 3.0077262e+03; maximum gradient component mag 2.6148e-01
Warning: the following parameters had issues
  Q_parm[2] is within 1% of lower bound: 0.0000e+00 < 4.9627e-03 < 5.0000e-01
  Q_parm[5] is within 1% of lower bound: 0.0000e+00 < 3.0900e-03 < 5.0000e-01


 - final statistics:
86 variables; iteration 79; function evaluation 111
Function value 3.0077e+03; maximum gradient component mag 7.5369e-05
Exit code = 1;  converg criter 1.0000e-04
Estimating row 1 out of 86 for hessian
Estimating row 2 out of 86 for hessian
Estimating row 3 out of 86 for hessian
Estimating row 4 out of 86 for hessian
Estimating row 5 out of 86 for hessian
Estimating row 6 out of 86 for hessian
Estimating row 7 out of 86 for hessian
Estimating row 8 out of 86 for hessian
Estimating row 9 out of 86 for hessian
Estimating row 10 out of 86 for hessian
Estimating row 11 out of 86 for hessian
Estimating row 12 out of 86 for hessian
Estimating row 13 out of 86 for hessian
Estimating row 14 out of 86 for hessian
Estimating row 15 out of 86 for hessian
Estimating row 16 out of 86 for hessian
Estimating row 17 out of 86 for hessian
Estimating row 18 out of 86 for hessian
Estimating row 19 out of 86 for hessian
Estimating row 20 out of 86 for hessian
Estimating row 21 out of 86 for hessian
Estimating row 22 out of 86 for hessian
Estimating row 23 out of 86 for hessian
Estimating row 24 out of 86 for hessian
Estimating row 25 out of 86 for hessian
Estimating row 26 out of 86 for hessian
Estimating row 27 out of 86 for hessian
Estimating row 28 out of 86 for hessian
Estimating row 29 out of 86 for hessian
Estimating row 30 out of 86 for hessian
Estimating row 31 out of 86 for hessian
Estimating row 32 out of 86 for hessian
Estimating row 33 out of 86 for hessian
Estimating row 34 out of 86 for hessian
Estimating row 35 out of 86 for hessian
Estimating row 36 out of 86 for hessian
Estimating row 37 out of 86 for hessian
Estimating row 38 out of 86 for hessian
Estimating row 39 out of 86 for hessian
Estimating row 40 out of 86 for hessian
Estimating row 41 out of 86 for hessian
Estimating row 42 out of 86 for hessian
Estimating row 43 out of 86 for hessian
Estimating row 44 out of 86 for hessian
Estimating row 45 out of 86 for hessian
Estimating row 46 out of 86 for hessian
Estimating row 47 out of 86 for hessian
Estimating row 48 out of 86 for hessian
Estimating row 49 out of 86 for hessian
Estimating row 50 out of 86 for hessian
Estimating row 51 out of 86 for hessian
Estimating row 52 out of 86 for hessian
Estimating row 53 out of 86 for hessian
Estimating row 54 out of 86 for hessian
Estimating row 55 out of 86 for hessian
Estimating row 56 out of 86 for hessian
Estimating row 57 out of 86 for hessian
Estimating row 58 out of 86 for hessian
Estimating row 59 out of 86 for hessian
Estimating row 60 out of 86 for hessian
Estimating row 61 out of 86 for hessian
Estimating row 62 out of 86 for hessian
Estimating row 63 out of 86 for hessian
Estimating row 64 out of 86 for hessian
Estimating row 65 out of 86 for hessian
Estimating row 66 out of 86 for hessian
Estimating row 67 out of 86 for hessian
Estimating row 68 out of 86 for hessian
Estimating row 69 out of 86 for hessian
Estimating row 70 out of 86 for hessian
Estimating row 71 out of 86 for hessian
Estimating row 72 out of 86 for hessian
Estimating row 73 out of 86 for hessian
Estimating row 74 out of 86 for hessian
Estimating row 75 out of 86 for hessian
Estimating row 76 out of 86 for hessian
Estimating row 77 out of 86 for hessian
Estimating row 78 out of 86 for hessian
Estimating row 79 out of 86 for hessian
Estimating row 80 out of 86 for hessian
Estimating row 81 out of 86 for hessian
Estimating row 82 out of 86 for hessian
Estimating row 83 out of 86 for hessian
Estimating row 84 out of 86 for hessian
Estimating row 85 out of 86 for hessian
Estimating row 86 out of 86 for hessian
size of file gradfil1.tmp = 0
size of file gradfil2.tmp = 0
size of file varssave.tmp = 0
size of file cmpdiff.tmp = 0
