
Initial statistics: 43 variables; iteration 0; function evaluation 0; phase 1
Function value 1.0202254e+03; maximum gradient component mag -3.3061e+03

Intermediate statistics: 43 variables; iteration 20; function evaluation 31; phase 1
Function value 9.6606701e+02; maximum gradient component mag -7.5562e+02
43 variables; iteration 40; function evaluation 62; phase 1
Function value 9.5970823e+02; maximum gradient component mag -1.8446e+02

 - final statistics:
43 variables; iteration 52; function evaluation 82
Function value 9.5920e+02; maximum gradient component mag -5.6295e+00
Exit code = 1;  converg criter 1.0000e+01

 - final statistics:
43 variables; iteration 0; function evaluation 0
Function value 9.5920e+02; maximum gradient component mag -5.6295e+00
Exit code = 0;  converg criter 1.0000e+01

Initial statistics: 43 variables; iteration 0; function evaluation 0; phase 3
Function value 9.5919567e+02; maximum gradient component mag -5.6295e+00

 - final statistics:
43 variables; iteration 2; function evaluation 4
Function value 9.5920e+02; maximum gradient component mag 5.3440e-01
Exit code = 1;  converg criter 1.0000e+00

 - final statistics:
43 variables; iteration 0; function evaluation 0
Function value 9.5920e+02; maximum gradient component mag 5.3440e-01
Exit code = 0;  converg criter 1.0000e+00

Initial statistics: 49 variables; iteration 0; function evaluation 0; phase 5
Function value 9.5921618e+02; maximum gradient component mag 5.3440e-01

Intermediate statistics: 49 variables; iteration 20; function evaluation 25; phase 5
Function value 9.5921480e+02; maximum gradient component mag 1.3798e+00
49 variables; iteration 40; function evaluation 49; phase 5
Function value 9.5921441e+02; maximum gradient component mag 6.9451e-01
49 variables; iteration 60; function evaluation 78; phase 5
Function value 9.5921433e+02; maximum gradient component mag -4.7688e-02
  ic > imax  in fminim is answer attained ?
Function minimizer not making progress ... is minimum attained?
Minimprove criterion = 0.0000e+00
Warning: the following parameters had issues
  MGparm[1] is within 0.1% of lower bound: 1.5000e-01 < 1.5000e-01 < 3.0000e-01
  MGparm[13] is within 0.1% of lower bound: 1.5000e-01 < 1.5000e-01 < 3.0000e-01


 - final statistics:
49 variables; iteration 70; function evaluation 117
Function value 9.5921e+02; maximum gradient component mag -5.6969e-03
Exit code = 1;  converg criter 1.0000e-06
Estimating row 1 out of 49 for hessian
Estimating row 2 out of 49 for hessian
Estimating row 3 out of 49 for hessian
Estimating row 4 out of 49 for hessian
Estimating row 5 out of 49 for hessian
Estimating row 6 out of 49 for hessian
Estimating row 7 out of 49 for hessian
Estimating row 8 out of 49 for hessian
Estimating row 9 out of 49 for hessian
Estimating row 10 out of 49 for hessian
Estimating row 11 out of 49 for hessian
Estimating row 12 out of 49 for hessian
Estimating row 13 out of 49 for hessian
Estimating row 14 out of 49 for hessian
Estimating row 15 out of 49 for hessian
Estimating row 16 out of 49 for hessian
Estimating row 17 out of 49 for hessian
Estimating row 18 out of 49 for hessian
Estimating row 19 out of 49 for hessian
Estimating row 20 out of 49 for hessian
Estimating row 21 out of 49 for hessian
Estimating row 22 out of 49 for hessian
Estimating row 23 out of 49 for hessian
Estimating row 24 out of 49 for hessian
Estimating row 25 out of 49 for hessian
Estimating row 26 out of 49 for hessian
Estimating row 27 out of 49 for hessian
Estimating row 28 out of 49 for hessian
Estimating row 29 out of 49 for hessian
Estimating row 30 out of 49 for hessian
Estimating row 31 out of 49 for hessian
Estimating row 32 out of 49 for hessian
Estimating row 33 out of 49 for hessian
Estimating row 34 out of 49 for hessian
Estimating row 35 out of 49 for hessian
Estimating row 36 out of 49 for hessian
Estimating row 37 out of 49 for hessian
Estimating row 38 out of 49 for hessian
Estimating row 39 out of 49 for hessian
Estimating row 40 out of 49 for hessian
Estimating row 41 out of 49 for hessian
Estimating row 42 out of 49 for hessian
Estimating row 43 out of 49 for hessian
Estimating row 44 out of 49 for hessian
Estimating row 45 out of 49 for hessian
Estimating row 46 out of 49 for hessian
Estimating row 47 out of 49 for hessian
Estimating row 48 out of 49 for hessian
Estimating row 49 out of 49 for hessian
size of file gradfil1.tmp = 0
size of file gradfil2.tmp = 0
size of file varssave.tmp = 0
size of file cmpdiff.tmp = 0
