
Initial statistics: 3 variables; iteration 0; function evaluation 0; phase 1
Function value 8.9284179e+02; maximum gradient component mag -2.3244e+06

 - final statistics:
3 variables; iteration 20; function evaluation 31
Function value 6.2918e+02; maximum gradient component mag 1.4763e-01
Exit code = 1;  converg criter 1.0000e+01

Initial statistics: 52 variables; iteration 0; function evaluation 0; phase 2
Function value 6.2917550e+02; maximum gradient component mag 2.7436e+02

Intermediate statistics: 52 variables; iteration 20; function evaluation 30; phase 2
Function value 5.7261872e+02; maximum gradient component mag 1.1447e+03
52 variables; iteration 40; function evaluation 52; phase 2
Function value 5.6867683e+02; maximum gradient component mag 1.7771e+03
52 variables; iteration 60; function evaluation 84; phase 2
Function value 5.6643157e+02; maximum gradient component mag 5.3853e+01

 - final statistics:
52 variables; iteration 66; function evaluation 90
Function value 5.6630e+02; maximum gradient component mag 8.0770e+00
Exit code = 1;  converg criter 1.0000e+01

Initial statistics: 52 variables; iteration 0; function evaluation 0; phase 3
Function value 5.6629644e+02; maximum gradient component mag 8.0770e+00

Intermediate statistics: 52 variables; iteration 20; function evaluation 24; phase 3
Function value 5.6629053e+02; maximum gradient component mag 5.7102e+00
52 variables; iteration 40; function evaluation 49; phase 3
Function value 5.6628726e+02; maximum gradient component mag 5.5511e+00

 - final statistics:
52 variables; iteration 43; function evaluation 54
Function value 5.6629e+02; maximum gradient component mag 2.6633e-01
Exit code = 1;  converg criter 1.0000e+00

Initial statistics: 53 variables; iteration 0; function evaluation 0; phase 4
Function value 5.6628710e+02; maximum gradient component mag 2.6633e-01

Intermediate statistics: 53 variables; iteration 20; function evaluation 27; phase 4
Function value 5.6628709e+02; maximum gradient component mag 2.4511e-01
53 variables; iteration 40; function evaluation 50; phase 4
Function value 5.6628709e+02; maximum gradient component mag -5.1557e-03
53 variables; iteration 60; function evaluation 78; phase 4
Function value 5.6628709e+02; maximum gradient component mag -5.7581e-04

 - final statistics:
53 variables; iteration 66; function evaluation 84
Function value 5.6629e+02; maximum gradient component mag -6.8703e-05
Exit code = 1;  converg criter 1.0000e-04

 - final statistics:
63 variables; iteration 0; function evaluation 0
Function value 5.6629e+02; maximum gradient component mag -6.8703e-05
Exit code = 0;  converg criter 1.0000e-04
Estimating row 1 out of 63 for hessian
Estimating row 2 out of 63 for hessian
Estimating row 3 out of 63 for hessian
Estimating row 4 out of 63 for hessian
Estimating row 5 out of 63 for hessian
Estimating row 6 out of 63 for hessian
Estimating row 7 out of 63 for hessian
Estimating row 8 out of 63 for hessian
Estimating row 9 out of 63 for hessian
Estimating row 10 out of 63 for hessian
Estimating row 11 out of 63 for hessian
Estimating row 12 out of 63 for hessian
Estimating row 13 out of 63 for hessian
Estimating row 14 out of 63 for hessian
Estimating row 15 out of 63 for hessian
Estimating row 16 out of 63 for hessian
Estimating row 17 out of 63 for hessian
Estimating row 18 out of 63 for hessian
Estimating row 19 out of 63 for hessian
Estimating row 20 out of 63 for hessian
Estimating row 21 out of 63 for hessian
Estimating row 22 out of 63 for hessian
Estimating row 23 out of 63 for hessian
Estimating row 24 out of 63 for hessian
Estimating row 25 out of 63 for hessian
Estimating row 26 out of 63 for hessian
Estimating row 27 out of 63 for hessian
Estimating row 28 out of 63 for hessian
Estimating row 29 out of 63 for hessian
Estimating row 30 out of 63 for hessian
Estimating row 31 out of 63 for hessian
Estimating row 32 out of 63 for hessian
Estimating row 33 out of 63 for hessian
Estimating row 34 out of 63 for hessian
Estimating row 35 out of 63 for hessian
Estimating row 36 out of 63 for hessian
Estimating row 37 out of 63 for hessian
Estimating row 38 out of 63 for hessian
Estimating row 39 out of 63 for hessian
Estimating row 40 out of 63 for hessian
Estimating row 41 out of 63 for hessian
Estimating row 42 out of 63 for hessian
Estimating row 43 out of 63 for hessian
Estimating row 44 out of 63 for hessian
Estimating row 45 out of 63 for hessian
Estimating row 46 out of 63 for hessian
Estimating row 47 out of 63 for hessian
Estimating row 48 out of 63 for hessian
Estimating row 49 out of 63 for hessian
Estimating row 50 out of 63 for hessian
Estimating row 51 out of 63 for hessian
Estimating row 52 out of 63 for hessian
Estimating row 53 out of 63 for hessian
Estimating row 54 out of 63 for hessian
Estimating row 55 out of 63 for hessian
Estimating row 56 out of 63 for hessian
Estimating row 57 out of 63 for hessian
Estimating row 58 out of 63 for hessian
Estimating row 59 out of 63 for hessian
Estimating row 60 out of 63 for hessian
Estimating row 61 out of 63 for hessian
Estimating row 62 out of 63 for hessian
Estimating row 63 out of 63 for hessian
size of file gradfil1.tmp = 0
size of file gradfil2.tmp = 0
size of file varssave.tmp = 0
size of file cmpdiff.tmp = 0
