
Initial statistics: 1 variables; iteration 0; function evaluation 0; phase 1
Function value 2.7791671e+04; maximum gradient component mag 3.3509e+01

 - final statistics:
1 variables; iteration 2; function evaluation 4
Function value 2.7789e+04; maximum gradient component mag -1.8358e-01
Exit code = 1;  converg criter 1.0000e+01

Initial statistics: 9 variables; iteration 0; function evaluation 0; phase 2
Function value 2.7788505e+04; maximum gradient component mag -4.4858e+01

 - final statistics:
9 variables; iteration 12; function evaluation 19
Function value 2.7782e+04; maximum gradient component mag -4.7240e+00
Exit code = 1;  converg criter 1.0000e+01

Initial statistics: 14 variables; iteration 0; function evaluation 0; phase 3
Function value 2.7783297e+04; maximum gradient component mag -1.7987e+02

Intermediate statistics: 14 variables; iteration 20; function evaluation 25; phase 3
Function value 2.7771719e+04; maximum gradient component mag 2.6918e+00

 - final statistics:
14 variables; iteration 21; function evaluation 26
Function value 2.7772e+04; maximum gradient component mag -7.2701e-01
Exit code = 1;  converg criter 1.0000e+00

Initial statistics: 27 variables; iteration 0; function evaluation 0; phase 4
Function value 2.7771681e+04; maximum gradient component mag 2.9641e+02

Intermediate statistics: 27 variables; iteration 20; function evaluation 29; phase 4
Function value 2.7727806e+04; maximum gradient component mag -1.9511e+02

 - final statistics:
27 variables; iteration 32; function evaluation 42
Function value 2.7720e+04; maximum gradient component mag -8.9747e-01
Exit code = 1;  converg criter 1.0000e+00

Initial statistics: 55 variables; iteration 0; function evaluation 0; phase 5
Function value 2.7719924e+04; maximum gradient component mag 1.8500e+03

Intermediate statistics: 55 variables; iteration 20; function evaluation 28; phase 5
Function value 2.7659246e+04; maximum gradient component mag 1.3688e+03
55 variables; iteration 40; function evaluation 52; phase 5
Function value 2.7647597e+04; maximum gradient component mag 3.9004e+02
55 variables; iteration 60; function evaluation 79; phase 5
Function value 2.7643201e+04; maximum gradient component mag -3.5250e+01
Maximum number of function evaluations exceeded

 - final statistics:
55 variables; iteration 80; function evaluation 100
Function value 2.7643e+04; maximum gradient component mag -1.2265e+01
Exit code = 3;  converg criter 1.0000e+00

Initial statistics: 119 variables; iteration 0; function evaluation 0; phase 6
Function value 2.7642964e+04; maximum gradient component mag -2.0335e+03

Intermediate statistics: 119 variables; iteration 20; function evaluation 33; phase 6
Function value 2.6890860e+04; maximum gradient component mag 4.7288e+03
119 variables; iteration 40; function evaluation 55; phase 6
Function value 2.6793203e+04; maximum gradient component mag -2.3548e+03
119 variables; iteration 60; function evaluation 78; phase 6
Function value 2.6687710e+04; maximum gradient component mag -1.8940e+03
119 variables; iteration 80; function evaluation 99; phase 6
Function value 2.6646249e+04; maximum gradient component mag 1.4997e+03
Maximum number of function evaluations exceeded

 - final statistics:
119 variables; iteration 82; function evaluation 100
Function value 2.6646e+04; maximum gradient component mag 1.5549e+03
Exit code = 3;  converg criter 1.0000e+00

Initial statistics: 120 variables; iteration 0; function evaluation 0; phase 7
Function value 2.6645583e+04; maximum gradient component mag 1.5549e+03

Intermediate statistics: 120 variables; iteration 20; function evaluation 27; phase 7
Function value 2.6575048e+04; maximum gradient component mag 2.0584e+03
120 variables; iteration 40; function evaluation 48; phase 7
Function value 2.6570702e+04; maximum gradient component mag 1.7971e+03
120 variables; iteration 60; function evaluation 69; phase 7
Function value 2.6553727e+04; maximum gradient component mag -2.4887e+03
120 variables; iteration 80; function evaluation 89; phase 7
Function value 2.6536683e+04; maximum gradient component mag -1.6000e+03
120 variables; iteration 100; function evaluation 111; phase 7
Function value 2.6521688e+04; maximum gradient component mag -1.1260e+03
120 variables; iteration 120; function evaluation 137; phase 7
Function value 2.6496698e+04; maximum gradient component mag 1.1325e+02
120 variables; iteration 140; function evaluation 158; phase 7
Function value 2.6493568e+04; maximum gradient component mag 7.3976e+01
120 variables; iteration 160; function evaluation 178; phase 7
Function value 2.6492685e+04; maximum gradient component mag 1.2572e+02
120 variables; iteration 180; function evaluation 198; phase 7
Function value 2.6492479e+04; maximum gradient component mag 5.0044e+01
120 variables; iteration 200; function evaluation 218; phase 7
Function value 2.6492061e+04; maximum gradient component mag 5.0282e+00
  ic > imax  in fminim is answer attained ?
Function minimizer not making progress ... is minimum attained?
Minimprove criterion = 0.0000e+00
Warning: the following parameters had issues
  MGparm[2] is within 0.1% of lower bound: 2.2000e+01 < 2.2000e+01 < 3.0000e+01
  MGparm[4] is within 0.1% of upper bound: 1.5000e-01 < 3.5000e-01 < 3.5000e-01
  SR_parm[1] is within 1% of upper bound: 8.0000e+00 < 1.1995e+01 < 1.2000e+01
  selparm[1] is within 0.1% of lower bound: 2.5000e+01 < 2.5000e+01 < 4.5000e+01
  selparm[56] is within 0.1% of lower bound: -1.0000e+00 < -1.0000e+00 < 5.0000e+00
  selparm[103] is within 0.1% of upper bound: 7.0000e-01 < 1.0000e+00 < 1.0000e+00


 - final statistics:
120 variables; iteration 220; function evaluation 270
Function value 2.6492e+04; maximum gradient component mag 2.7071e-03
Exit code = 1;  converg criter 1.0000e-05
Estimating row 1 out of 120 for hessian
Estimating row 2 out of 120 for hessian
Estimating row 3 out of 120 for hessian
Estimating row 4 out of 120 for hessian
Estimating row 5 out of 120 for hessian
Estimating row 6 out of 120 for hessian
Estimating row 7 out of 120 for hessian
Estimating row 8 out of 120 for hessian
Estimating row 9 out of 120 for hessian
Estimating row 10 out of 120 for hessian
Estimating row 11 out of 120 for hessian
Estimating row 12 out of 120 for hessian
Estimating row 13 out of 120 for hessian
Estimating row 14 out of 120 for hessian
Estimating row 15 out of 120 for hessian
Estimating row 16 out of 120 for hessian
Estimating row 17 out of 120 for hessian
Estimating row 18 out of 120 for hessian
Estimating row 19 out of 120 for hessian
Estimating row 20 out of 120 for hessian
Estimating row 21 out of 120 for hessian
Estimating row 22 out of 120 for hessian
Estimating row 23 out of 120 for hessian
Estimating row 24 out of 120 for hessian
Estimating row 25 out of 120 for hessian
Estimating row 26 out of 120 for hessian
Estimating row 27 out of 120 for hessian
Estimating row 28 out of 120 for hessian
Estimating row 29 out of 120 for hessian
Estimating row 30 out of 120 for hessian
Estimating row 31 out of 120 for hessian
Estimating row 32 out of 120 for hessian
Estimating row 33 out of 120 for hessian
Estimating row 34 out of 120 for hessian
Estimating row 35 out of 120 for hessian
Estimating row 36 out of 120 for hessian
Estimating row 37 out of 120 for hessian
Estimating row 38 out of 120 for hessian
Estimating row 39 out of 120 for hessian
Estimating row 40 out of 120 for hessian
Estimating row 41 out of 120 for hessian
Estimating row 42 out of 120 for hessian
Estimating row 43 out of 120 for hessian
Estimating row 44 out of 120 for hessian
Estimating row 45 out of 120 for hessian
Estimating row 46 out of 120 for hessian
Estimating row 47 out of 120 for hessian
Estimating row 48 out of 120 for hessian
Estimating row 49 out of 120 for hessian
Estimating row 50 out of 120 for hessian
Estimating row 51 out of 120 for hessian
Estimating row 52 out of 120 for hessian
Estimating row 53 out of 120 for hessian
Estimating row 54 out of 120 for hessian
Estimating row 55 out of 120 for hessian
Estimating row 56 out of 120 for hessian
Estimating row 57 out of 120 for hessian
Estimating row 58 out of 120 for hessian
Estimating row 59 out of 120 for hessian
Estimating row 60 out of 120 for hessian
Estimating row 61 out of 120 for hessian
Estimating row 62 out of 120 for hessian
Estimating row 63 out of 120 for hessian
Estimating row 64 out of 120 for hessian
Estimating row 65 out of 120 for hessian
Estimating row 66 out of 120 for hessian
Estimating row 67 out of 120 for hessian
Estimating row 68 out of 120 for hessian
Estimating row 69 out of 120 for hessian
Estimating row 70 out of 120 for hessian
Estimating row 71 out of 120 for hessian
Estimating row 72 out of 120 for hessian
Estimating row 73 out of 120 for hessian
Estimating row 74 out of 120 for hessian
Estimating row 75 out of 120 for hessian
Estimating row 76 out of 120 for hessian
Estimating row 77 out of 120 for hessian
Estimating row 78 out of 120 for hessian
Estimating row 79 out of 120 for hessian
Estimating row 80 out of 120 for hessian
Estimating row 81 out of 120 for hessian
Estimating row 82 out of 120 for hessian
Estimating row 83 out of 120 for hessian
Estimating row 84 out of 120 for hessian
Estimating row 85 out of 120 for hessian
Estimating row 86 out of 120 for hessian
Estimating row 87 out of 120 for hessian
Estimating row 88 out of 120 for hessian
Estimating row 89 out of 120 for hessian
Estimating row 90 out of 120 for hessian
Estimating row 91 out of 120 for hessian
Estimating row 92 out of 120 for hessian
Estimating row 93 out of 120 for hessian
Estimating row 94 out of 120 for hessian
Estimating row 95 out of 120 for hessian
Estimating row 96 out of 120 for hessian
Estimating row 97 out of 120 for hessian
Estimating row 98 out of 120 for hessian
Estimating row 99 out of 120 for hessian
Estimating row 100 out of 120 for hessian
Estimating row 101 out of 120 for hessian
Estimating row 102 out of 120 for hessian
Estimating row 103 out of 120 for hessian
Estimating row 104 out of 120 for hessian
Estimating row 105 out of 120 for hessian
Estimating row 106 out of 120 for hessian
Estimating row 107 out of 120 for hessian
Estimating row 108 out of 120 for hessian
Estimating row 109 out of 120 for hessian
Estimating row 110 out of 120 for hessian
Estimating row 111 out of 120 for hessian
Estimating row 112 out of 120 for hessian
Estimating row 113 out of 120 for hessian
Estimating row 114 out of 120 for hessian
Estimating row 115 out of 120 for hessian
Estimating row 116 out of 120 for hessian
Estimating row 117 out of 120 for hessian
Estimating row 118 out of 120 for hessian
Estimating row 119 out of 120 for hessian
Estimating row 120 out of 120 for hessian
size of file gradfil1.tmp = 662400000
size of file gradfil2.tmp = 0
size of file varssave.tmp = 0
size of file cmpdiff.tmp = 600000024
