
Initial statistics: 11 variables; iteration 0; function evaluation 0; phase 1
Function value 1.2118073e+03; maximum gradient component mag 1.1708e+02

 - final statistics:
11 variables; iteration 13; function evaluation 23
Function value 1.2068e+03; maximum gradient component mag -4.3507e+00
Exit code = 1;  converg criter 1.0000e+01

 - final statistics:
11 variables; iteration 0; function evaluation 0
Function value 1.2068e+03; maximum gradient component mag -4.3507e+00
Exit code = 0;  converg criter 1.0000e+01

Initial statistics: 32 variables; iteration 0; function evaluation 0; phase 3
Function value 1.2067921e+03; maximum gradient component mag 1.5521e+01

Intermediate statistics: 32 variables; iteration 20; function evaluation 27; phase 3
Function value 1.2066794e+03; maximum gradient component mag 1.0808e+01
32 variables; iteration 40; function evaluation 49; phase 3
Function value 1.2066567e+03; maximum gradient component mag 1.3122e-04

 - final statistics:
32 variables; iteration 41; function evaluation 50
Function value 1.2067e+03; maximum gradient component mag 1.2829e-06
Exit code = 1;  converg criter 1.0000e-04
Estimating row 1 out of 32 for hessian
Estimating row 2 out of 32 for hessian
Estimating row 3 out of 32 for hessian
Estimating row 4 out of 32 for hessian
Estimating row 5 out of 32 for hessian
Estimating row 6 out of 32 for hessian
Estimating row 7 out of 32 for hessian
Estimating row 8 out of 32 for hessian
Estimating row 9 out of 32 for hessian
Estimating row 10 out of 32 for hessian
Estimating row 11 out of 32 for hessian
Estimating row 12 out of 32 for hessian
Estimating row 13 out of 32 for hessian
Estimating row 14 out of 32 for hessian
Estimating row 15 out of 32 for hessian
Estimating row 16 out of 32 for hessian
Estimating row 17 out of 32 for hessian
Estimating row 18 out of 32 for hessian
Estimating row 19 out of 32 for hessian
Estimating row 20 out of 32 for hessian
Estimating row 21 out of 32 for hessian
Estimating row 22 out of 32 for hessian
Estimating row 23 out of 32 for hessian
Estimating row 24 out of 32 for hessian
Estimating row 25 out of 32 for hessian
Estimating row 26 out of 32 for hessian
Estimating row 27 out of 32 for hessian
Estimating row 28 out of 32 for hessian
Estimating row 29 out of 32 for hessian
Estimating row 30 out of 32 for hessian
Estimating row 31 out of 32 for hessian
Estimating row 32 out of 32 for hessian
size of file gradfil1.tmp = 12720000
size of file gradfil2.tmp = 0
size of file varssave.tmp = 0
size of file cmpdiff.tmp = 800000032
