
Initial statistics: 1 variables; iteration 0; function evaluation 0; phase 1
Function value 1.1640373e+03; maximum gradient component mag -2.2565e+03

 - final statistics:
1 variables; iteration 4; function evaluation 6
Function value 1.1605e+03; maximum gradient component mag -6.9727e+00
Exit code = 1;  converg criter 1.0000e+01

Initial statistics: 54 variables; iteration 0; function evaluation 0; phase 2
Function value 1.1605333e+03; maximum gradient component mag 1.1692e+02

Intermediate statistics: 54 variables; iteration 20; function evaluation 33; phase 2
Function value 1.1223749e+03; maximum gradient component mag -2.9120e+01
54 variables; iteration 40; function evaluation 66; phase 2
Function value 1.1217863e+03; maximum gradient component mag -2.5219e+01

 - final statistics:
54 variables; iteration 50; function evaluation 81
Function value 1.1218e+03; maximum gradient component mag -8.7726e+00
Exit code = 1;  converg criter 1.0000e+01

Initial statistics: 61 variables; iteration 0; function evaluation 0; phase 3
Function value 1.1217833e+03; maximum gradient component mag -8.7726e+00

 - final statistics:
61 variables; iteration 1; function evaluation 2
Function value 1.1218e+03; maximum gradient component mag 9.9228e-01
Exit code = 1;  converg criter 1.0000e+00

 - final statistics:
61 variables; iteration 0; function evaluation 0
Function value 1.1218e+03; maximum gradient component mag 9.9228e-01
Exit code = 0;  converg criter 1.0000e+00

Initial statistics: 62 variables; iteration 0; function evaluation 0; phase 5
Function value 1.1217841e+03; maximum gradient component mag 9.9228e-01

Intermediate statistics: 62 variables; iteration 20; function evaluation 25; phase 5
Function value 1.1217835e+03; maximum gradient component mag -1.2742e+00
62 variables; iteration 40; function evaluation 58; phase 5
Function value 1.1217834e+03; maximum gradient component mag -1.5200e-02

 - final statistics:
62 variables; iteration 57; function evaluation 85
Function value 1.1218e+03; maximum gradient component mag 2.2501e-05
Exit code = 1;  converg criter 1.0000e-04

 - final statistics:
68 variables; iteration 0; function evaluation 0
Function value 1.1218e+03; maximum gradient component mag 2.2481e-05
Exit code = 0;  converg criter 1.0000e-04
Estimating row 1 out of 68 for hessian
Estimating row 2 out of 68 for hessian
Estimating row 3 out of 68 for hessian
Estimating row 4 out of 68 for hessian
Estimating row 5 out of 68 for hessian
Estimating row 6 out of 68 for hessian
Estimating row 7 out of 68 for hessian
Estimating row 8 out of 68 for hessian
Estimating row 9 out of 68 for hessian
Estimating row 10 out of 68 for hessian
Estimating row 11 out of 68 for hessian
Estimating row 12 out of 68 for hessian
Estimating row 13 out of 68 for hessian
Estimating row 14 out of 68 for hessian
Estimating row 15 out of 68 for hessian
Estimating row 16 out of 68 for hessian
Estimating row 17 out of 68 for hessian
Estimating row 18 out of 68 for hessian
Estimating row 19 out of 68 for hessian
Estimating row 20 out of 68 for hessian
Estimating row 21 out of 68 for hessian
Estimating row 22 out of 68 for hessian
Estimating row 23 out of 68 for hessian
Estimating row 24 out of 68 for hessian
Estimating row 25 out of 68 for hessian
Estimating row 26 out of 68 for hessian
Estimating row 27 out of 68 for hessian
Estimating row 28 out of 68 for hessian
Estimating row 29 out of 68 for hessian
Estimating row 30 out of 68 for hessian
Estimating row 31 out of 68 for hessian
Estimating row 32 out of 68 for hessian
Estimating row 33 out of 68 for hessian
Estimating row 34 out of 68 for hessian
Estimating row 35 out of 68 for hessian
Estimating row 36 out of 68 for hessian
Estimating row 37 out of 68 for hessian
Estimating row 38 out of 68 for hessian
Estimating row 39 out of 68 for hessian
Estimating row 40 out of 68 for hessian
Estimating row 41 out of 68 for hessian
Estimating row 42 out of 68 for hessian
Estimating row 43 out of 68 for hessian
Estimating row 44 out of 68 for hessian
Estimating row 45 out of 68 for hessian
Estimating row 46 out of 68 for hessian
Estimating row 47 out of 68 for hessian
Estimating row 48 out of 68 for hessian
Estimating row 49 out of 68 for hessian
Estimating row 50 out of 68 for hessian
Estimating row 51 out of 68 for hessian
Estimating row 52 out of 68 for hessian
Estimating row 53 out of 68 for hessian
Estimating row 54 out of 68 for hessian
Estimating row 55 out of 68 for hessian
Estimating row 56 out of 68 for hessian
Estimating row 57 out of 68 for hessian
Estimating row 58 out of 68 for hessian
Estimating row 59 out of 68 for hessian
Estimating row 60 out of 68 for hessian
Estimating row 61 out of 68 for hessian
Estimating row 62 out of 68 for hessian
Estimating row 63 out of 68 for hessian
Estimating row 64 out of 68 for hessian
Estimating row 65 out of 68 for hessian
Estimating row 66 out of 68 for hessian
Estimating row 67 out of 68 for hessian
Estimating row 68 out of 68 for hessian
size of file gradfil1.tmp = 0
size of file gradfil2.tmp = 0
size of file varssave.tmp = 0
size of file cmpdiff.tmp = 0
