
Initial statistics: 3 variables; iteration 0; function evaluation 0; phase 1
Function value 1.4481227e+05; maximum gradient component mag -1.9767e+07

Intermediate statistics: 3 variables; iteration 20; function evaluation 35; phase 1
Function value 9.0856000e+02; maximum gradient component mag -2.7417e+02

 - final statistics:
3 variables; iteration 23; function evaluation 38
Function value 9.0839e+02; maximum gradient component mag 8.5390e+00
Exit code = 1;  converg criter 1.0000e+01

Initial statistics: 38 variables; iteration 0; function evaluation 0; phase 2
Function value 9.0839474e+02; maximum gradient component mag 3.4708e+02

Intermediate statistics: 38 variables; iteration 20; function evaluation 28; phase 2
Function value 8.2434463e+02; maximum gradient component mag 5.6473e+03
38 variables; iteration 40; function evaluation 58; phase 2
Function value 7.9853328e+02; maximum gradient component mag -1.0020e+03

 - final statistics:
38 variables; iteration 56; function evaluation 74
Function value 7.9569e+02; maximum gradient component mag -1.2920e+00
Exit code = 1;  converg criter 1.0000e+01

Initial statistics: 40 variables; iteration 0; function evaluation 0; phase 3
Function value 7.9569402e+02; maximum gradient component mag 3.7811e+00

Intermediate statistics: 40 variables; iteration 20; function evaluation 26; phase 3
Function value 7.9566653e+02; maximum gradient component mag 2.5543e+01

 - final statistics:
40 variables; iteration 35; function evaluation 47
Function value 7.9566e+02; maximum gradient component mag 9.3577e-01
Exit code = 1;  converg criter 1.0000e+00

Initial statistics: 50 variables; iteration 0; function evaluation 0; phase 4
Function value 7.9565760e+02; maximum gradient component mag -1.5520e+01

Intermediate statistics: 50 variables; iteration 20; function evaluation 29; phase 4
Function value 7.9544627e+02; maximum gradient component mag 4.0701e+02
50 variables; iteration 40; function evaluation 53; phase 4
Function value 7.9523746e+02; maximum gradient component mag 6.2260e+02
50 variables; iteration 60; function evaluation 79; phase 4
Function value 7.9496012e+02; maximum gradient component mag -6.2157e+00

 - final statistics:
50 variables; iteration 70; function evaluation 89
Function value 7.9496e+02; maximum gradient component mag -3.2332e-05
Exit code = 1;  converg criter 1.0000e-04

 - final statistics:
60 variables; iteration 0; function evaluation 0
Function value 7.9496e+02; maximum gradient component mag -3.2331e-05
Exit code = 0;  converg criter 1.0000e-04
Estimating row 1 out of 60 for hessian
Estimating row 2 out of 60 for hessian
Estimating row 3 out of 60 for hessian
Estimating row 4 out of 60 for hessian
Estimating row 5 out of 60 for hessian
Estimating row 6 out of 60 for hessian
Estimating row 7 out of 60 for hessian
Estimating row 8 out of 60 for hessian
Estimating row 9 out of 60 for hessian
Estimating row 10 out of 60 for hessian
Estimating row 11 out of 60 for hessian
Estimating row 12 out of 60 for hessian
Estimating row 13 out of 60 for hessian
Estimating row 14 out of 60 for hessian
Estimating row 15 out of 60 for hessian
Estimating row 16 out of 60 for hessian
Estimating row 17 out of 60 for hessian
Estimating row 18 out of 60 for hessian
Estimating row 19 out of 60 for hessian
Estimating row 20 out of 60 for hessian
Estimating row 21 out of 60 for hessian
Estimating row 22 out of 60 for hessian
Estimating row 23 out of 60 for hessian
Estimating row 24 out of 60 for hessian
Estimating row 25 out of 60 for hessian
Estimating row 26 out of 60 for hessian
Estimating row 27 out of 60 for hessian
Estimating row 28 out of 60 for hessian
Estimating row 29 out of 60 for hessian
Estimating row 30 out of 60 for hessian
Estimating row 31 out of 60 for hessian
Estimating row 32 out of 60 for hessian
Estimating row 33 out of 60 for hessian
Estimating row 34 out of 60 for hessian
Estimating row 35 out of 60 for hessian
Estimating row 36 out of 60 for hessian
Estimating row 37 out of 60 for hessian
Estimating row 38 out of 60 for hessian
Estimating row 39 out of 60 for hessian
Estimating row 40 out of 60 for hessian
Estimating row 41 out of 60 for hessian
Estimating row 42 out of 60 for hessian
Estimating row 43 out of 60 for hessian
Estimating row 44 out of 60 for hessian
Estimating row 45 out of 60 for hessian
Estimating row 46 out of 60 for hessian
Estimating row 47 out of 60 for hessian
Estimating row 48 out of 60 for hessian
Estimating row 49 out of 60 for hessian
Estimating row 50 out of 60 for hessian
Estimating row 51 out of 60 for hessian
Estimating row 52 out of 60 for hessian
Estimating row 53 out of 60 for hessian
Estimating row 54 out of 60 for hessian
Estimating row 55 out of 60 for hessian
Estimating row 56 out of 60 for hessian
Estimating row 57 out of 60 for hessian
Estimating row 58 out of 60 for hessian
Estimating row 59 out of 60 for hessian
Estimating row 60 out of 60 for hessian
size of file gradfil1.tmp = 0
size of file gradfil2.tmp = 0
size of file varssave.tmp = 0
size of file cmpdiff.tmp = 0
