
Initial statistics: 1 variables; iteration 0; function evaluation 0; phase 1
Function value 4.6434023e+01; maximum gradient component mag -5.3854e+04

 - final statistics:
1 variables; iteration 15; function evaluation 17
Function value -9.5402e-02; maximum gradient component mag -2.1715e+00
Exit code = 1;  converg criter 1.0000e+01

Initial statistics: 1 variables; iteration 0; function evaluation 0; phase 2
Function value 1.8790083e+03; maximum gradient component mag 1.6832e+04

 - final statistics:
1 variables; iteration 5; function evaluation 10
Function value 1.7097e+03; maximum gradient component mag 2.0943e+00
Exit code = 1;  converg criter 1.0000e+01

Initial statistics: 35 variables; iteration 0; function evaluation 0; phase 3
Function value 1.7046462e+03; maximum gradient component mag 2.4007e+03

Intermediate statistics: 35 variables; iteration 20; function evaluation 30; phase 3
Function value 1.6169016e+03; maximum gradient component mag 3.5529e+03
35 variables; iteration 40; function evaluation 58; phase 3
Function value 1.5908538e+03; maximum gradient component mag 5.0206e+02

 - final statistics:
35 variables; iteration 50; function evaluation 68
Function value 1.5908e+03; maximum gradient component mag 5.2913e-02
Exit code = 1;  converg criter 1.0000e+00

 - final statistics:
40 variables; iteration 0; function evaluation 0
Function value 1.5908e+03; maximum gradient component mag 5.2913e-02
Exit code = 0;  converg criter 1.0000e+00

Initial statistics: 45 variables; iteration 0; function evaluation 0; phase 5
Function value 1.5907948e+03; maximum gradient component mag -5.4451e-02

Intermediate statistics: 45 variables; iteration 20; function evaluation 29; phase 5
Function value 1.5907948e+03; maximum gradient component mag 5.4424e-02
45 variables; iteration 40; function evaluation 53; phase 5
Function value 1.5907948e+03; maximum gradient component mag 6.2876e-03

 - final statistics:
45 variables; iteration 49; function evaluation 68
Function value 1.5908e+03; maximum gradient component mag 2.2830e-06
Exit code = 1;  converg criter 1.0000e-04

 - final statistics:
55 variables; iteration 0; function evaluation 0
Function value 1.5908e+03; maximum gradient component mag 2.3027e-06
Exit code = 0;  converg criter 1.0000e-04
Estimating row 1 out of 55 for hessian
Estimating row 2 out of 55 for hessian
Estimating row 3 out of 55 for hessian
Estimating row 4 out of 55 for hessian
Estimating row 5 out of 55 for hessian
Estimating row 6 out of 55 for hessian
Estimating row 7 out of 55 for hessian
Estimating row 8 out of 55 for hessian
Estimating row 9 out of 55 for hessian
Estimating row 10 out of 55 for hessian
Estimating row 11 out of 55 for hessian
Estimating row 12 out of 55 for hessian
Estimating row 13 out of 55 for hessian
Estimating row 14 out of 55 for hessian
Estimating row 15 out of 55 for hessian
Estimating row 16 out of 55 for hessian
Estimating row 17 out of 55 for hessian
Estimating row 18 out of 55 for hessian
Estimating row 19 out of 55 for hessian
Estimating row 20 out of 55 for hessian
Estimating row 21 out of 55 for hessian
Estimating row 22 out of 55 for hessian
Estimating row 23 out of 55 for hessian
Estimating row 24 out of 55 for hessian
Estimating row 25 out of 55 for hessian
Estimating row 26 out of 55 for hessian
Estimating row 27 out of 55 for hessian
Estimating row 28 out of 55 for hessian
Estimating row 29 out of 55 for hessian
Estimating row 30 out of 55 for hessian
Estimating row 31 out of 55 for hessian
Estimating row 32 out of 55 for hessian
Estimating row 33 out of 55 for hessian
Estimating row 34 out of 55 for hessian
Estimating row 35 out of 55 for hessian
Estimating row 36 out of 55 for hessian
Estimating row 37 out of 55 for hessian
Estimating row 38 out of 55 for hessian
Estimating row 39 out of 55 for hessian
Estimating row 40 out of 55 for hessian
Estimating row 41 out of 55 for hessian
Estimating row 42 out of 55 for hessian
Estimating row 43 out of 55 for hessian
Estimating row 44 out of 55 for hessian
Estimating row 45 out of 55 for hessian
Estimating row 46 out of 55 for hessian
Estimating row 47 out of 55 for hessian
Estimating row 48 out of 55 for hessian
Estimating row 49 out of 55 for hessian
Estimating row 50 out of 55 for hessian
Estimating row 51 out of 55 for hessian
Estimating row 52 out of 55 for hessian
Estimating row 53 out of 55 for hessian
Estimating row 54 out of 55 for hessian
Estimating row 55 out of 55 for hessian
size of file gradfil1.tmp = 0
size of file gradfil2.tmp = 0
size of file varssave.tmp = 0
size of file cmpdiff.tmp = 0
