
Initial statistics: 49 variables; iteration 0; function evaluation 0; phase 1
Function value 1.0821267e+05; maximum gradient component mag -7.0200e+05

Intermediate statistics: 49 variables; iteration 20; function evaluation 36; phase 1
Function value 4.7887106e+03; maximum gradient component mag 3.7232e+03
49 variables; iteration 40; function evaluation 65; phase 1
Function value 4.3679243e+03; maximum gradient component mag 3.6315e+03
49 variables; iteration 60; function evaluation 95; phase 1
Function value 3.1539751e+03; maximum gradient component mag 1.7236e+02
Maximum number of function evaluations exceeded

 - final statistics:
49 variables; iteration 64; function evaluation 100
Function value 3.0370e+03; maximum gradient component mag 7.5961e+02
Exit code = 3;  converg criter 1.0000e+01

Initial statistics: 60 variables; iteration 0; function evaluation 0; phase 2
Function value 3.0282547e+03; maximum gradient component mag 6.7630e+03

Intermediate statistics: 60 variables; iteration 20; function evaluation 34; phase 2
Function value 2.5577488e+03; maximum gradient component mag 2.4313e+03
60 variables; iteration 40; function evaluation 63; phase 2
Function value 2.4983549e+03; maximum gradient component mag 1.5437e+03
60 variables; iteration 60; function evaluation 89; phase 2
Function value 2.3631290e+03; maximum gradient component mag -5.7411e+02
Maximum number of function evaluations exceeded

 - final statistics:
60 variables; iteration 68; function evaluation 100
Function value 2.3226e+03; maximum gradient component mag -5.1877e+02
Exit code = 3;  converg criter 1.0000e+01

Initial statistics: 84 variables; iteration 0; function evaluation 0; phase 3
Function value 2.3207468e+03; maximum gradient component mag -5.1877e+02

Intermediate statistics: 84 variables; iteration 20; function evaluation 23; phase 3
Function value 2.2884412e+03; maximum gradient component mag -4.0746e+02
84 variables; iteration 40; function evaluation 44; phase 3
Function value 2.2850531e+03; maximum gradient component mag -5.1070e+02
84 variables; iteration 60; function evaluation 70; phase 3
Function value 2.2720996e+03; maximum gradient component mag 2.6450e+02
84 variables; iteration 80; function evaluation 94; phase 3
Function value 2.2675710e+03; maximum gradient component mag 5.2621e+01
Maximum number of function evaluations exceeded

 - final statistics:
84 variables; iteration 85; function evaluation 100
Function value 2.2675e+03; maximum gradient component mag 3.2956e+01
Exit code = 3;  converg criter 1.0000e+00

Initial statistics: 87 variables; iteration 0; function evaluation 0; phase 4
Function value 2.2674628e+03; maximum gradient component mag 3.3454e+01

Intermediate statistics: 87 variables; iteration 20; function evaluation 21; phase 4
Function value 2.2669718e+03; maximum gradient component mag -3.6821e+01
87 variables; iteration 40; function evaluation 41; phase 4
Function value 2.2669186e+03; maximum gradient component mag -3.3993e+01
87 variables; iteration 60; function evaluation 62; phase 4
Function value 2.2667493e+03; maximum gradient component mag -2.8628e+00

 - final statistics:
87 variables; iteration 78; function evaluation 86
Function value 2.2667e+03; maximum gradient component mag -9.5670e-01
Exit code = 1;  converg criter 1.0000e+00

Initial statistics: 226 variables; iteration 0; function evaluation 0; phase 5
Function value 2.2667404e+03; maximum gradient component mag -9.2716e+02

Intermediate statistics: 226 variables; iteration 20; function evaluation 25; phase 5
Function value 2.0773732e+03; maximum gradient component mag 6.3615e+02
226 variables; iteration 40; function evaluation 45; phase 5
Function value 2.0714571e+03; maximum gradient component mag -5.5495e+02
226 variables; iteration 60; function evaluation 65; phase 5
Function value 2.0670329e+03; maximum gradient component mag -3.9064e+02
226 variables; iteration 80; function evaluation 85; phase 5
Function value 2.0592930e+03; maximum gradient component mag -1.5959e+02
226 variables; iteration 100; function evaluation 105; phase 5
Function value 2.0568206e+03; maximum gradient component mag -8.8110e+01
226 variables; iteration 120; function evaluation 127; phase 5
Function value 2.0562943e+03; maximum gradient component mag -7.9127e+01
226 variables; iteration 140; function evaluation 147; phase 5
Function value 2.0559821e+03; maximum gradient component mag 1.9919e+01
226 variables; iteration 160; function evaluation 170; phase 5
Function value 2.0558879e+03; maximum gradient component mag -1.8883e+01
226 variables; iteration 180; function evaluation 194; phase 5
Function value 2.0558661e+03; maximum gradient component mag -1.0686e+01
226 variables; iteration 200; function evaluation 221; phase 5
Function value 2.0558570e+03; maximum gradient component mag -2.7049e+00
226 variables; iteration 220; function evaluation 247; phase 5
Function value 2.0558550e+03; maximum gradient component mag 1.2407e+00
226 variables; iteration 240; function evaluation 279; phase 5
Function value 2.0558546e+03; maximum gradient component mag -2.3087e-02
  ic > imax  in fminim is answer attained ?
Function minimizer not making progress ... is minimum attained?
Minimprove criterion = 0.0000e+00

 - final statistics:
226 variables; iteration 248; function evaluation 318
Function value 2.0559e+03; maximum gradient component mag -7.1681e-05
Exit code = 1;  converg criter 1.0000e-05
Estimating row 1 out of 226 for hessian
Estimating row 2 out of 226 for hessian
Estimating row 3 out of 226 for hessian
Estimating row 4 out of 226 for hessian
Estimating row 5 out of 226 for hessian
Estimating row 6 out of 226 for hessian
Estimating row 7 out of 226 for hessian
Estimating row 8 out of 226 for hessian
Estimating row 9 out of 226 for hessian
Estimating row 10 out of 226 for hessian
Estimating row 11 out of 226 for hessian
Estimating row 12 out of 226 for hessian
Estimating row 13 out of 226 for hessian
Estimating row 14 out of 226 for hessian
Estimating row 15 out of 226 for hessian
Estimating row 16 out of 226 for hessian
Estimating row 17 out of 226 for hessian
Estimating row 18 out of 226 for hessian
Estimating row 19 out of 226 for hessian
Estimating row 20 out of 226 for hessian
Estimating row 21 out of 226 for hessian
Estimating row 22 out of 226 for hessian
Estimating row 23 out of 226 for hessian
Estimating row 24 out of 226 for hessian
Estimating row 25 out of 226 for hessian
Estimating row 26 out of 226 for hessian
Estimating row 27 out of 226 for hessian
Estimating row 28 out of 226 for hessian
Estimating row 29 out of 226 for hessian
Estimating row 30 out of 226 for hessian
Estimating row 31 out of 226 for hessian
Estimating row 32 out of 226 for hessian
Estimating row 33 out of 226 for hessian
Estimating row 34 out of 226 for hessian
Estimating row 35 out of 226 for hessian
Estimating row 36 out of 226 for hessian
Estimating row 37 out of 226 for hessian
Estimating row 38 out of 226 for hessian
Estimating row 39 out of 226 for hessian
Estimating row 40 out of 226 for hessian
Estimating row 41 out of 226 for hessian
Estimating row 42 out of 226 for hessian
Estimating row 43 out of 226 for hessian
Estimating row 44 out of 226 for hessian
Estimating row 45 out of 226 for hessian
Estimating row 46 out of 226 for hessian
Estimating row 47 out of 226 for hessian
Estimating row 48 out of 226 for hessian
Estimating row 49 out of 226 for hessian
Estimating row 50 out of 226 for hessian
Estimating row 51 out of 226 for hessian
Estimating row 52 out of 226 for hessian
Estimating row 53 out of 226 for hessian
Estimating row 54 out of 226 for hessian
Estimating row 55 out of 226 for hessian
Estimating row 56 out of 226 for hessian
Estimating row 57 out of 226 for hessian
Estimating row 58 out of 226 for hessian
Estimating row 59 out of 226 for hessian
Estimating row 60 out of 226 for hessian
Estimating row 61 out of 226 for hessian
Estimating row 62 out of 226 for hessian
Estimating row 63 out of 226 for hessian
Estimating row 64 out of 226 for hessian
Estimating row 65 out of 226 for hessian
Estimating row 66 out of 226 for hessian
Estimating row 67 out of 226 for hessian
Estimating row 68 out of 226 for hessian
Estimating row 69 out of 226 for hessian
Estimating row 70 out of 226 for hessian
Estimating row 71 out of 226 for hessian
Estimating row 72 out of 226 for hessian
Estimating row 73 out of 226 for hessian
Estimating row 74 out of 226 for hessian
Estimating row 75 out of 226 for hessian
Estimating row 76 out of 226 for hessian
Estimating row 77 out of 226 for hessian
Estimating row 78 out of 226 for hessian
Estimating row 79 out of 226 for hessian
Estimating row 80 out of 226 for hessian
Estimating row 81 out of 226 for hessian
Estimating row 82 out of 226 for hessian
Estimating row 83 out of 226 for hessian
Estimating row 84 out of 226 for hessian
Estimating row 85 out of 226 for hessian
Estimating row 86 out of 226 for hessian
Estimating row 87 out of 226 for hessian
Estimating row 88 out of 226 for hessian
Estimating row 89 out of 226 for hessian
Estimating row 90 out of 226 for hessian
Estimating row 91 out of 226 for hessian
Estimating row 92 out of 226 for hessian
Estimating row 93 out of 226 for hessian
Estimating row 94 out of 226 for hessian
Estimating row 95 out of 226 for hessian
Estimating row 96 out of 226 for hessian
Estimating row 97 out of 226 for hessian
Estimating row 98 out of 226 for hessian
Estimating row 99 out of 226 for hessian
Estimating row 100 out of 226 for hessian
Estimating row 101 out of 226 for hessian
Estimating row 102 out of 226 for hessian
Estimating row 103 out of 226 for hessian
Estimating row 104 out of 226 for hessian
Estimating row 105 out of 226 for hessian
Estimating row 106 out of 226 for hessian
Estimating row 107 out of 226 for hessian
Estimating row 108 out of 226 for hessian
Estimating row 109 out of 226 for hessian
Estimating row 110 out of 226 for hessian
Estimating row 111 out of 226 for hessian
Estimating row 112 out of 226 for hessian
Estimating row 113 out of 226 for hessian
Estimating row 114 out of 226 for hessian
Estimating row 115 out of 226 for hessian
Estimating row 116 out of 226 for hessian
Estimating row 117 out of 226 for hessian
Estimating row 118 out of 226 for hessian
Estimating row 119 out of 226 for hessian
Estimating row 120 out of 226 for hessian
Estimating row 121 out of 226 for hessian
Estimating row 122 out of 226 for hessian
Estimating row 123 out of 226 for hessian
Estimating row 124 out of 226 for hessian
Estimating row 125 out of 226 for hessian
Estimating row 126 out of 226 for hessian
Estimating row 127 out of 226 for hessian
Estimating row 128 out of 226 for hessian
Estimating row 129 out of 226 for hessian
Estimating row 130 out of 226 for hessian
Estimating row 131 out of 226 for hessian
Estimating row 132 out of 226 for hessian
Estimating row 133 out of 226 for hessian
Estimating row 134 out of 226 for hessian
Estimating row 135 out of 226 for hessian
Estimating row 136 out of 226 for hessian
Estimating row 137 out of 226 for hessian
Estimating row 138 out of 226 for hessian
Estimating row 139 out of 226 for hessian
Estimating row 140 out of 226 for hessian
Estimating row 141 out of 226 for hessian
Estimating row 142 out of 226 for hessian
Estimating row 143 out of 226 for hessian
Estimating row 144 out of 226 for hessian
Estimating row 145 out of 226 for hessian
Estimating row 146 out of 226 for hessian
Estimating row 147 out of 226 for hessian
Estimating row 148 out of 226 for hessian
Estimating row 149 out of 226 for hessian
Estimating row 150 out of 226 for hessian
Estimating row 151 out of 226 for hessian
Estimating row 152 out of 226 for hessian
Estimating row 153 out of 226 for hessian
Estimating row 154 out of 226 for hessian
Estimating row 155 out of 226 for hessian
Estimating row 156 out of 226 for hessian
Estimating row 157 out of 226 for hessian
Estimating row 158 out of 226 for hessian
Estimating row 159 out of 226 for hessian
Estimating row 160 out of 226 for hessian
Estimating row 161 out of 226 for hessian
Estimating row 162 out of 226 for hessian
Estimating row 163 out of 226 for hessian
Estimating row 164 out of 226 for hessian
Estimating row 165 out of 226 for hessian
Estimating row 166 out of 226 for hessian
Estimating row 167 out of 226 for hessian
Estimating row 168 out of 226 for hessian
Estimating row 169 out of 226 for hessian
Estimating row 170 out of 226 for hessian
Estimating row 171 out of 226 for hessian
Estimating row 172 out of 226 for hessian
Estimating row 173 out of 226 for hessian
Estimating row 174 out of 226 for hessian
Estimating row 175 out of 226 for hessian
Estimating row 176 out of 226 for hessian
Estimating row 177 out of 226 for hessian
Estimating row 178 out of 226 for hessian
Estimating row 179 out of 226 for hessian
Estimating row 180 out of 226 for hessian
Estimating row 181 out of 226 for hessian
Estimating row 182 out of 226 for hessian
Estimating row 183 out of 226 for hessian
Estimating row 184 out of 226 for hessian
Estimating row 185 out of 226 for hessian
Estimating row 186 out of 226 for hessian
Estimating row 187 out of 226 for hessian
Estimating row 188 out of 226 for hessian
Estimating row 189 out of 226 for hessian
Estimating row 190 out of 226 for hessian
Estimating row 191 out of 226 for hessian
Estimating row 192 out of 226 for hessian
Estimating row 193 out of 226 for hessian
Estimating row 194 out of 226 for hessian
Estimating row 195 out of 226 for hessian
Estimating row 196 out of 226 for hessian
Estimating row 197 out of 226 for hessian
Estimating row 198 out of 226 for hessian
Estimating row 199 out of 226 for hessian
Estimating row 200 out of 226 for hessian
Estimating row 201 out of 226 for hessian
Estimating row 202 out of 226 for hessian
Estimating row 203 out of 226 for hessian
Estimating row 204 out of 226 for hessian
Estimating row 205 out of 226 for hessian
Estimating row 206 out of 226 for hessian
Estimating row 207 out of 226 for hessian
Estimating row 208 out of 226 for hessian
Estimating row 209 out of 226 for hessian
Estimating row 210 out of 226 for hessian
Estimating row 211 out of 226 for hessian
Estimating row 212 out of 226 for hessian
Estimating row 213 out of 226 for hessian
Estimating row 214 out of 226 for hessian
Estimating row 215 out of 226 for hessian
Estimating row 216 out of 226 for hessian
Estimating row 217 out of 226 for hessian
Estimating row 218 out of 226 for hessian
Estimating row 219 out of 226 for hessian
Estimating row 220 out of 226 for hessian
Estimating row 221 out of 226 for hessian
Estimating row 222 out of 226 for hessian
Estimating row 223 out of 226 for hessian
Estimating row 224 out of 226 for hessian
Estimating row 225 out of 226 for hessian
Estimating row 226 out of 226 for hessian
size of file gradfil1.tmp = 0
size of file gradfil2.tmp = 0
size of file varssave.tmp = 0
size of file cmpdiff.tmp = 0
